<?xml version="1.0" encoding="UTF-8"?>
<!-- Generated by org.testng.reporters.JUnitReportReporter -->
<testsuite hostname="Tester" name="com.atp.qa.Tests.DataDrivenLoginTest" tests="4" failures="0" timestamp="22 May 2020 19:35:42 GMT" time="86.655" errors="0">
  <testcase name="loginTest" time="21.314" classname="com.atp.qa.Tests.DataDrivenLoginTest"/>
  <testcase name="loginTest" time="21.457" classname="com.atp.qa.Tests.DataDrivenLoginTest"/>
  <testcase name="loginTest" time="22.088" classname="com.atp.qa.Tests.DataDrivenLoginTest"/>
  <testcase name="loginTest" time="21.796" classname="com.atp.qa.Tests.DataDrivenLoginTest"/>
</testsuite> <!-- com.atp.qa.Tests.DataDrivenLoginTest -->
